SF:lib/features/city_weather/domain/entities/weather.dart
DA:4,2
DA:22,1
DA:23,1
DA:24,1
DA:25,1
DA:26,1
DA:27,1
DA:28,1
DA:29,1
DA:30,1
LF:10
LH:10
end_of_record
SF:lib/features/city_weather/domain/usecases/get_current_weather.dart
DA:7,1
DA:11,1
DA:12,3
LF:3
LH:3
end_of_record
SF:lib/core/errors/failure.dart
DA:4,0
DA:8,0
DA:9,0
DA:13,0
DA:17,0
DA:21,0
LF:6
LH:0
end_of_record
SF:lib/features/city_weather/data/datasources/remote_data_source.dart
DA:11,1
DA:16,1
DA:17,4
DA:19,2
DA:20,3
DA:22,1
LF:6
LH:6
end_of_record
SF:lib/features/city_weather/data/models/weather_model.dart
DA:7,2
DA:17,2
DA:18,2
DA:19,2
DA:20,6
DA:21,6
DA:22,6
DA:23,4
DA:24,4
DA:25,4
DA:29,2
DA:30,4
DA:32,2
DA:33,1
DA:34,1
DA:35,1
DA:36,1
DA:37,1
DA:38,1
DA:39,1
DA:50,2
DA:51,1
DA:52,1
DA:53,1
DA:54,1
DA:55,1
DA:58,1
DA:59,1
DA:60,1
DA:61,1
DA:63,1
DA:66,2
DA:67,2
DA:68,2
DA:69,2
DA:70,2
DA:71,2
DA:72,2
DA:73,2
DA:74,2
LF:40
LH:40
end_of_record
SF:lib/core/constants/urls_constant.dart
DA:4,1
DA:5,1
DA:6,0
DA:7,0
LF:4
LH:2
end_of_record
